# JRE version: OpenJDK Runtime Environment (17.0.6) (build 17.0.6+0-b2043.56-10027231)
# Java VM: OpenJDK 64-Bit Server VM (17.0.6+0-b2043.56-10027231, mixed mode, tiered, compressed oops, compressed class ptrs, g1 gc, windows-amd64)
GC Precious Log:
 CPUs: 4 total, 4 available
 Memory: 8097M
 Large Page Support: Disabled
 NUMA Support: Disabled
 Compressed Oops: Enabled (32-bit)
 Heap Region Size: 1M
 Heap Min Capacity: 8M
 Heap Initial Capacity: 128M
 Heap Max Capacity: 2G
 Pre-touch: Disabled
 Parallel Workers: 4
 Concurrent Workers: 1
 Concurrent Refinement Workers: 4
 Periodic GC: Disabled
Heap:
 garbage-first heap   total 254976K, used 155516K [0x0000000080000000, 0x0000000100000000)
  region size 1024K, 2 young (2048K), 2 survivors (2048K)
 Metaspace       used 103511K, committed 104192K, reserved 1146880K
  class space    used 13865K, committed 14208K, reserved 1048576K
GC Heap History (20 events):
Event: 950.947 GC heap after
{Heap after GC invocations=88 (full 0):
 garbage-first heap   total 145408K, used 120043K [0x0000000080000000, 0x0000000100000000)
  region size 1024K, 2 young (2048K), 2 survivors (2048K)
 Metaspace       used 102556K, committed 103360K, reserved 1138688K
  class space    used 13712K, committed 14080K, reserved 1048576K
}
Event: 951.330 GC heap before
{Heap before GC invocations=88 (full 0):
 garbage-first heap   total 145408K, used 127211K [0x0000000080000000, 0x0000000100000000)
  region size 1024K, 9 young (9216K), 2 survivors (2048K)
 Metaspace       used 102557K, committed 103360K, reserved 1138688K
  class space    used 13712K, committed 14080K, reserved 1048576K
}
Event: 951.339 GC heap after
{Heap after GC invocations=89 (full 0):
 garbage-first heap   total 145408K, used 120326K [0x0000000080000000, 0x0000000100000000)
  region size 1024K, 2 young (2048K), 2 survivors (2048K)
 Metaspace       used 102557K, committed 103360K, reserved 1138688K
  class space    used 13712K, committed 14080K, reserved 1048576K
}
Event: 951.666 GC heap before
{Heap before GC invocations=89 (full 0):
 garbage-first heap   total 145408K, used 125446K [0x0000000080000000, 0x0000000100000000)
  region size 1024K, 8 young (8192K), 2 survivors (2048K)
 Metaspace       used 102557K, committed 103360K, reserved 1138688K
  class space    used 13712K, committed 14080K, reserved 1048576K
}
Event: 951.672 GC heap after
{Heap after GC invocations=90 (full 0):
 garbage-first heap   total 145408K, used 120604K [0x0000000080000000, 0x0000000100000000)
  region size 1024K, 1 young (1024K), 1 survivors (1024K)
 Metaspace       used 102557K, committed 103360K, reserved 1138688K
  class space    used 13712K, committed 14080K, reserved 1048576K
}
Event: 958.237 GC heap before
{Heap before GC invocations=90 (full 0):
 garbage-first heap   total 145408K, used 126748K [0x0000000080000000, 0x0000000100000000)
  region size 1024K, 7 young (7168K), 1 survivors (1024K)
 Metaspace       used 102644K, committed 103424K, reserved 1138688K
  class space    used 13722K, committed 14080K, reserved 1048576K
}
Event: 958.244 GC heap after
{Heap after GC invocations=91 (full 0):
 garbage-first heap   total 145408K, used 121598K [0x0000000080000000, 0x0000000100000000)
  region size 1024K, 1 young (1024K), 1 survivors (1024K)
 Metaspace       used 102644K, committed 103424K, reserved 1138688K
  class space    used 13722K, committed 14080K, reserved 1048576K
}
Event: 958.608 GC heap before
{Heap before GC invocations=91 (full 0):
 garbage-first heap   total 145408K, used 128766K [0x0000000080000000, 0x0000000100000000)
  region size 1024K, 7 young (7168K), 1 survivors (1024K)
 Metaspace       used 102657K, committed 103424K, reserved 1138688K
  class space    used 13724K, committed 14080K, reserved 1048576K
}
Event: 958.614 GC heap after
{Heap after GC invocations=92 (full 0):
 garbage-first heap   total 145408K, used 122324K [0x0000000080000000, 0x0000000100000000)
  region size 1024K, 1 young (1024K), 1 survivors (1024K)
 Metaspace       used 102657K, committed 103424K, reserved 1138688K
  class space    used 13724K, committed 14080K, reserved 1048576K
}
Event: 958.615 GC heap before
{Heap before GC invocations=92 (full 0):
 garbage-first heap   total 145408K, used 122324K [0x0000000080000000, 0x0000000100000000)
  region size 1024K, 2 young (2048K), 1 survivors (1024K)
 Metaspace       used 102657K, committed 103424K, reserved 1138688K
  class space    used 13724K, committed 14080K, reserved 1048576K
}
Event: 958.626 GC heap after
{Heap after GC invocations=93 (full 0):
 garbage-first heap   total 175104K, used 122424K [0x0000000080000000, 0x0000000100000000)
  region size 1024K, 1 young (1024K), 1 survivors (1024K)
 Metaspace       used 102657K, committed 103424K, reserved 1138688K
  class space    used 13724K, committed 14080K, reserved 1048576K
}
Event: 960.085 GC heap before
{Heap before GC invocations=93 (full 0):
 garbage-first heap   total 175104K, used 148024K [0x0000000080000000, 0x0000000100000000)
  region size 1024K, 24 young (24576K), 1 survivors (1024K)
 Metaspace       used 102715K, committed 103424K, reserved 1138688K
  class space    used 13727K, committed 14080K, reserved 1048576K
}
Event: 960.129 GC heap after
{Heap after GC invocations=94 (full 0):
 garbage-first heap   total 175104K, used 138470K [0x0000000080000000, 0x0000000100000000)
  region size 1024K, 3 young (3072K), 3 survivors (3072K)
 Metaspace       used 102715K, committed 103424K, reserved 1138688K
  class space    used 13727K, committed 14080K, reserved 1048576K
}
Event: 960.286 GC heap before
{Heap before GC invocations=94 (full 0):
 garbage-first heap   total 175104K, used 145638K [0x0000000080000000, 0x0000000100000000)
  region size 1024K, 10 young (10240K), 3 survivors (3072K)
 Metaspace       used 102724K, committed 103424K, reserved 1138688K
  class space    used 13728K, committed 14080K, reserved 1048576K
}
Event: 960.309 GC heap after
{Heap after GC invocations=95 (full 0):
 garbage-first heap   total 175104K, used 144338K [0x0000000080000000, 0x0000000100000000)
  region size 1024K, 2 young (2048K), 2 survivors (2048K)
 Metaspace       used 102724K, committed 103424K, reserved 1138688K
  class space    used 13728K, committed 14080K, reserved 1048576K
}
Event: 960.573 GC heap before
{Heap before GC invocations=95 (full 0):
 garbage-first heap   total 175104K, used 150482K [0x0000000080000000, 0x0000000100000000)
  region size 1024K, 8 young (8192K), 2 survivors (2048K)
 Metaspace       used 102728K, committed 103424K, reserved 1138688K
  class space    used 13728K, committed 14080K, reserved 1048576K
}
Event: 960.604 GC heap after
{Heap after GC invocations=96 (full 0):
 garbage-first heap   total 175104K, used 148815K [0x0000000080000000, 0x0000000100000000)
  region size 1024K, 1 young (1024K), 1 survivors (1024K)
 Metaspace       used 102728K, committed 103424K, reserved 1138688K
  class space    used 13728K, committed 14080K, reserved 1048576K
}
Event: 962.148 GC heap before
{Heap before GC invocations=97 (full 0):
 garbage-first heap   total 254976K, used 155983K [0x0000000080000000, 0x0000000100000000)
  region size 1024K, 8 young (8192K), 1 survivors (1024K)
 Metaspace       used 102753K, committed 103552K, reserved 1138688K
  class space    used 13730K, committed 14080K, reserved 1048576K
}
Event: 962.168 GC heap after
{Heap after GC invocations=98 (full 0):
 garbage-first heap   total 254976K, used 151552K [0x0000000080000000, 0x0000000100000000)
  region size 1024K, 1 young (1024K), 1 survivors (1024K)
 Metaspace       used 102753K, committed 103552K, reserved 1138688K
  class space    used 13730K, committed 14080K, reserved 1048576K
}
Event: 963.064 GC heap before
{Heap before GC invocations=98 (full 0):
 garbage-first heap   total 254976K, used 165888K [0x0000000080000000, 0x0000000100000000)
  region size 1024K, 12 young (12288K), 1 survivors (1024K)
 Metaspace       used 103511K, committed 104192K, reserved 1146880K
  class space    used 13865K, committed 14208K, reserved 1048576K
}

